<?xml version="1.0" encoding="UTF-8"?>
<!-- Generated by org.testng.reporters.JUnitXMLReporter -->
<testsuite ignored="0" hostname="MENANCE" failures="0" tests="16" name="Content Test" time="165.686" errors="0" timestamp="2023-10-09T02:19:50 IST">
  <testcase classname="MU_Site1.MU_Site1.MUHome" name="Test1" time="5.834"/>
  <testcase classname="MU_Site1.MU_Site1.MUHome" name="Test10" time="21.771"/>
  <testcase classname="MU_Site1.MU_Site1.MUHome" name="Test11" time="6.199"/>
  <testcase classname="MU_Site1.MU_Site1.MUHome" name="Test12" time="1.687"/>
  <testcase classname="MU_Site1.MU_Site1.MUHome" name="Test13" time="24.796"/>
  <testcase classname="MU_Site1.MU_Site1.MUHome" name="Test14" time="3.443"/>
  <testcase classname="MU_Site1.MU_Site1.MUHome" name="Test15" time="9.672"/>
  <testcase classname="MU_Site1.MU_Site1.MUHome" name="Test16" time="5.432"/>
  <testcase classname="MU_Site1.MU_Site1.MUHome" name="Test2" time="16.462"/>
  <testcase classname="MU_Site1.MU_Site1.MUHome" name="Test3" time="10.048"/>
  <testcase classname="MU_Site1.MU_Site1.MUHome" name="Test4" time="3.68"/>
  <testcase classname="MU_Site1.MU_Site1.MUHome" name="Test5" time="11.974"/>
  <testcase classname="MU_Site1.MU_Site1.MUHome" name="Test6" time="4.903"/>
  <testcase classname="MU_Site1.MU_Site1.MUHome" name="Test7" time="7.12"/>
  <testcase classname="MU_Site1.MU_Site1.MUHome" name="Test8" time="4.421"/>
  <testcase classname="MU_Site1.MU_Site1.MUHome" name="Test9" time="27.508"/>
</testsuite> <!-- Content Test -->
